# JRE version: OpenJDK Runtime Environment Temurin-21.0.6+7 (21.0.6+7) (build 21.0.6+7-LTS)
# Java VM: OpenJDK 64-Bit Server VM Temurin-21.0.6+7 (21.0.6+7-LTS, mixed mode, emulated-client, sharing, tiered, compressed oops, compressed class ptrs, g1 gc, windows-amd64)
GC Precious Log:
 CardTable entry size: 512
 Card Set container configuration: InlinePtr #cards 4 size 8 Array Of Cards #cards 16 size 48 Howl #buckets 8 coarsen threshold 3686 Howl Bitmap #cards 512 size 80 coarsen threshold 460 Card regions per heap region 1 cards per card region 4096
 CPUs: 12 total, 12 available
 Memory: 16252M
 Large Page Support: Disabled
 NUMA Support: Disabled
 Compressed Oops: Enabled (Zero based)
 Heap Region Size: 2M
 Heap Min Capacity: 8M
 Heap Initial Capacity: 254M
 Heap Max Capacity: 4064M
 Pre-touch: Disabled
 Parallel Workers: 10
 Concurrent Workers: 3
 Concurrent Refinement Workers: 10
 Periodic GC: Disabled
Heap:
 garbage-first heap   total 83968K, used 55402K [0x0000000702000000, 0x0000000800000000)
  region size 2048K, 17 young (34816K), 3 survivors (6144K)
 Metaspace       used 66892K, committed 67584K, reserved 1114112K
  class space    used 9303K, committed 9600K, reserved 1048576K
GC Heap History (20 events):
Event: 2.281 GC heap before
{Heap before GC invocations=10 (full 0):
 garbage-first heap   total 69632K, used 56197K [0x0000000702000000, 0x0000000800000000)
  region size 2048K, 20 young (40960K), 1 survivors (2048K)
 Metaspace       used 34852K, committed 35520K, reserved 1114112K
  class space    used 4604K, committed 4928K, reserved 1048576K
}
Event: 2.283 GC heap after
{Heap after GC invocations=11 (full 0):
 garbage-first heap   total 69632K, used 20026K [0x0000000702000000, 0x0000000800000000)
  region size 2048K, 1 young (2048K), 1 survivors (2048K)
 Metaspace       used 34852K, committed 35520K, reserved 1114112K
  class space    used 4604K, committed 4928K, reserved 1048576K
}
Event: 2.482 GC heap before
{Heap before GC invocations=11 (full 0):
 garbage-first heap   total 69632K, used 58938K [0x0000000702000000, 0x0000000800000000)
  region size 2048K, 20 young (40960K), 1 survivors (2048K)
 Metaspace       used 38400K, committed 39040K, reserved 1114112K
  class space    used 5155K, committed 5440K, reserved 1048576K
}
Event: 2.484 GC heap after
{Heap after GC invocations=12 (full 0):
 garbage-first heap   total 69632K, used 21143K [0x0000000702000000, 0x0000000800000000)
  region size 2048K, 2 young (4096K), 2 survivors (4096K)
 Metaspace       used 38400K, committed 39040K, reserved 1114112K
  class space    used 5155K, committed 5440K, reserved 1048576K
}
Event: 2.750 GC heap before
{Heap before GC invocations=12 (full 0):
 garbage-first heap   total 69632K, used 55959K [0x0000000702000000, 0x0000000800000000)
  region size 2048K, 20 young (40960K), 2 survivors (4096K)
 Metaspace       used 44867K, committed 45504K, reserved 1114112K
  class space    used 5920K, committed 6208K, reserved 1048576K
}
Event: 2.752 GC heap after
{Heap after GC invocations=13 (full 0):
 garbage-first heap   total 69632K, used 22496K [0x0000000702000000, 0x0000000800000000)
  region size 2048K, 3 young (6144K), 3 survivors (6144K)
 Metaspace       used 44867K, committed 45504K, reserved 1114112K
  class space    used 5920K, committed 6208K, reserved 1048576K
}
Event: 2.931 GC heap before
{Heap before GC invocations=13 (full 0):
 garbage-first heap   total 69632K, used 53216K [0x0000000702000000, 0x0000000800000000)
  region size 2048K, 19 young (38912K), 3 survivors (6144K)
 Metaspace       used 47520K, committed 48128K, reserved 1114112K
  class space    used 6298K, committed 6592K, reserved 1048576K
}
Event: 2.934 GC heap after
{Heap after GC invocations=14 (full 0):
 garbage-first heap   total 69632K, used 23822K [0x0000000702000000, 0x0000000800000000)
  region size 2048K, 3 young (6144K), 3 survivors (6144K)
 Metaspace       used 47520K, committed 48128K, reserved 1114112K
  class space    used 6298K, committed 6592K, reserved 1048576K
}
Event: 2.981 GC heap before
{Heap before GC invocations=14 (full 0):
 garbage-first heap   total 69632K, used 32014K [0x0000000702000000, 0x0000000800000000)
  region size 2048K, 9 young (18432K), 3 survivors (6144K)
 Metaspace       used 48492K, committed 49088K, reserved 1114112K
  class space    used 6403K, committed 6720K, reserved 1048576K
}
Event: 2.983 GC heap after
{Heap after GC invocations=15 (full 0):
 garbage-first heap   total 69632K, used 24268K [0x0000000702000000, 0x0000000800000000)
  region size 2048K, 2 young (4096K), 2 survivors (4096K)
 Metaspace       used 48492K, committed 49088K, reserved 1114112K
  class space    used 6403K, committed 6720K, reserved 1048576K
}
Event: 3.125 GC heap before
{Heap before GC invocations=16 (full 0):
 garbage-first heap   total 69632K, used 54988K [0x0000000702000000, 0x0000000800000000)
  region size 2048K, 18 young (36864K), 2 survivors (4096K)
 Metaspace       used 51841K, committed 52480K, reserved 1114112K
  class space    used 6937K, committed 7232K, reserved 1048576K
}
Event: 3.128 GC heap after
{Heap after GC invocations=17 (full 0):
 garbage-first heap   total 83968K, used 26095K [0x0000000702000000, 0x0000000800000000)
  region size 2048K, 3 young (6144K), 3 survivors (6144K)
 Metaspace       used 51841K, committed 52480K, reserved 1114112K
  class space    used 6937K, committed 7232K, reserved 1048576K
}
Event: 3.380 GC heap before
{Heap before GC invocations=17 (full 0):
 garbage-first heap   total 83968K, used 69103K [0x0000000702000000, 0x0000000800000000)
  region size 2048K, 24 young (49152K), 3 survivors (6144K)
 Metaspace       used 55529K, committed 56192K, reserved 1114112K
  class space    used 7556K, committed 7872K, reserved 1048576K
}
Event: 3.382 GC heap after
{Heap after GC invocations=18 (full 0):
 garbage-first heap   total 83968K, used 24462K [0x0000000702000000, 0x0000000800000000)
  region size 2048K, 1 young (2048K), 1 survivors (2048K)
 Metaspace       used 55529K, committed 56192K, reserved 1114112K
  class space    used 7556K, committed 7872K, reserved 1048576K
}
Event: 3.670 GC heap before
{Heap before GC invocations=18 (full 0):
 garbage-first heap   total 83968K, used 71566K [0x0000000702000000, 0x0000000800000000)
  region size 2048K, 24 young (49152K), 1 survivors (2048K)
 Metaspace       used 59402K, committed 60096K, reserved 1114112K
  class space    used 8080K, committed 8384K, reserved 1048576K
}
Event: 3.672 GC heap after
{Heap after GC invocations=19 (full 0):
 garbage-first heap   total 83968K, used 25938K [0x0000000702000000, 0x0000000800000000)
  region size 2048K, 2 young (4096K), 2 survivors (4096K)
 Metaspace       used 59402K, committed 60096K, reserved 1114112K
  class space    used 8080K, committed 8384K, reserved 1048576K
}
Event: 3.874 GC heap before
{Heap before GC invocations=19 (full 0):
 garbage-first heap   total 83968K, used 68946K [0x0000000702000000, 0x0000000800000000)
  region size 2048K, 24 young (49152K), 2 survivors (4096K)
 Metaspace       used 62404K, committed 63168K, reserved 1114112K
  class space    used 8497K, committed 8832K, reserved 1048576K
}
Event: 3.876 GC heap after
{Heap after GC invocations=20 (full 0):
 garbage-first heap   total 83968K, used 27380K [0x0000000702000000, 0x0000000800000000)
  region size 2048K, 3 young (6144K), 3 survivors (6144K)
 Metaspace       used 62404K, committed 63168K, reserved 1114112K
  class space    used 8497K, committed 8832K, reserved 1048576K
}
Event: 4.062 GC heap before
{Heap before GC invocations=20 (full 0):
 garbage-first heap   total 83968K, used 68340K [0x0000000702000000, 0x0000000800000000)
  region size 2048K, 23 young (47104K), 3 survivors (6144K)
 Metaspace       used 64999K, committed 65728K, reserved 1114112K
  class space    used 8989K, committed 9280K, reserved 1048576K
}
Event: 4.065 GC heap after
{Heap after GC invocations=21 (full 0):
 garbage-first heap   total 83968K, used 28778K [0x0000000702000000, 0x0000000800000000)
  region size 2048K, 3 young (6144K), 3 survivors (6144K)
 Metaspace       used 64999K, committed 65728K, reserved 1114112K
  class space    used 8989K, committed 9280K, reserved 1048576K
}

