# JRE version: OpenJDK Runtime Environment Temurin-21.0.6+7 (21.0.6+7) (build 21.0.6+7-LTS)
# Java VM: OpenJDK 64-Bit Server VM Temurin-21.0.6+7 (21.0.6+7-LTS, mixed mode, emulated-client, sharing, tiered, compressed oops, compressed class ptrs, g1 gc, windows-amd64)
GC Precious Log:
 CardTable entry size: 512
 Card Set container configuration: InlinePtr #cards 4 size 8 Array Of Cards #cards 16 size 48 Howl #buckets 8 coarsen threshold 3686 Howl Bitmap #cards 512 size 80 coarsen threshold 460 Card regions per heap region 1 cards per card region 4096
 CPUs: 12 total, 12 available
 Memory: 16252M
 Large Page Support: Disabled
 NUMA Support: Disabled
 Compressed Oops: Enabled (Zero based)
 Heap Region Size: 2M
 Heap Min Capacity: 8M
 Heap Initial Capacity: 254M
 Heap Max Capacity: 4064M
 Pre-touch: Disabled
 Parallel Workers: 10
 Concurrent Workers: 3
 Concurrent Refinement Workers: 10
 Periodic GC: Disabled
Heap:
 garbage-first heap   total 102400K, used 68542K [0x0000000702000000, 0x0000000800000000)
  region size 2048K, 21 young (43008K), 3 survivors (6144K)
 Metaspace       used 71730K, committed 72512K, reserved 1114112K
  class space    used 10013K, committed 10368K, reserved 1048576K
GC Heap History (20 events):
Event: 4.748 GC heap before
{Heap before GC invocations=13 (full 0):
 garbage-first heap   total 69632K, used 55344K [0x0000000702000000, 0x0000000800000000)
  region size 2048K, 19 young (38912K), 3 survivors (6144K)
 Metaspace       used 47030K, committed 47552K, reserved 1114112K
  class space    used 6214K, committed 6464K, reserved 1048576K
}
Event: 4.750 GC heap after
{Heap after GC invocations=14 (full 0):
 garbage-first heap   total 69632K, used 23500K [0x0000000702000000, 0x0000000800000000)
  region size 2048K, 2 young (4096K), 2 survivors (4096K)
 Metaspace       used 47030K, committed 47552K, reserved 1114112K
  class space    used 6214K, committed 6464K, reserved 1048576K
}
Event: 4.831 GC heap before
{Heap before GC invocations=14 (full 0):
 garbage-first heap   total 69632K, used 31692K [0x0000000702000000, 0x0000000800000000)
  region size 2048K, 7 young (14336K), 2 survivors (4096K)
 Metaspace       used 47732K, committed 48320K, reserved 1114112K
  class space    used 6314K, committed 6592K, reserved 1048576K
}
Event: 4.833 GC heap after
{Heap after GC invocations=15 (full 0):
 garbage-first heap   total 69632K, used 24008K [0x0000000702000000, 0x0000000800000000)
  region size 2048K, 2 young (4096K), 2 survivors (4096K)
 Metaspace       used 47732K, committed 48320K, reserved 1114112K
  class space    used 6314K, committed 6592K, reserved 1048576K
}
Event: 4.996 GC heap before
{Heap before GC invocations=16 (full 0):
 garbage-first heap   total 69632K, used 56776K [0x0000000702000000, 0x0000000800000000)
  region size 2048K, 19 young (38912K), 2 survivors (4096K)
 Metaspace       used 51584K, committed 52224K, reserved 1114112K
  class space    used 6899K, committed 7168K, reserved 1048576K
}
Event: 4.998 GC heap after
{Heap after GC invocations=17 (full 0):
 garbage-first heap   total 69632K, used 24420K [0x0000000702000000, 0x0000000800000000)
  region size 2048K, 1 young (2048K), 1 survivors (2048K)
 Metaspace       used 51584K, committed 52224K, reserved 1114112K
  class space    used 6899K, committed 7168K, reserved 1048576K
}
Event: 5.203 GC heap before
{Heap before GC invocations=17 (full 0):
 garbage-first heap   total 69632K, used 61284K [0x0000000702000000, 0x0000000800000000)
  region size 2048K, 19 young (38912K), 1 survivors (2048K)
 Metaspace       used 55125K, committed 55744K, reserved 1114112K
  class space    used 7485K, committed 7744K, reserved 1048576K
}
Event: 5.206 GC heap after
{Heap after GC invocations=18 (full 0):
 garbage-first heap   total 83968K, used 24410K [0x0000000702000000, 0x0000000800000000)
  region size 2048K, 2 young (4096K), 2 survivors (4096K)
 Metaspace       used 55125K, committed 55744K, reserved 1114112K
  class space    used 7485K, committed 7744K, reserved 1048576K
}
Event: 5.443 GC heap before
{Heap before GC invocations=18 (full 0):
 garbage-first heap   total 83968K, used 67418K [0x0000000702000000, 0x0000000800000000)
  region size 2048K, 24 young (49152K), 2 survivors (4096K)
 Metaspace       used 58266K, committed 58944K, reserved 1114112K
  class space    used 7959K, committed 8256K, reserved 1048576K
}
Event: 5.445 GC heap after
{Heap after GC invocations=19 (full 0):
 garbage-first heap   total 83968K, used 25293K [0x0000000702000000, 0x0000000800000000)
  region size 2048K, 2 young (4096K), 2 survivors (4096K)
 Metaspace       used 58266K, committed 58944K, reserved 1114112K
  class space    used 7959K, committed 8256K, reserved 1048576K
}
Event: 8.447 GC heap before
{Heap before GC invocations=19 (full 0):
 garbage-first heap   total 83968K, used 68301K [0x0000000702000000, 0x0000000800000000)
  region size 2048K, 24 young (49152K), 2 survivors (4096K)
 Metaspace       used 61860K, committed 62528K, reserved 1114112K
  class space    used 8391K, committed 8704K, reserved 1048576K
}
Event: 8.450 GC heap after
{Heap after GC invocations=20 (full 0):
 garbage-first heap   total 83968K, used 27241K [0x0000000702000000, 0x0000000800000000)
  region size 2048K, 3 young (6144K), 3 survivors (6144K)
 Metaspace       used 61860K, committed 62528K, reserved 1114112K
  class space    used 8391K, committed 8704K, reserved 1048576K
}
Event: 8.671 GC heap before
{Heap before GC invocations=20 (full 0):
 garbage-first heap   total 83968K, used 66153K [0x0000000702000000, 0x0000000800000000)
  region size 2048K, 23 young (47104K), 3 survivors (6144K)
 Metaspace       used 64848K, committed 65536K, reserved 1114112K
  class space    used 9035K, committed 9344K, reserved 1048576K
}
Event: 8.674 GC heap after
{Heap after GC invocations=21 (full 0):
 garbage-first heap   total 83968K, used 29015K [0x0000000702000000, 0x0000000800000000)
  region size 2048K, 3 young (6144K), 3 survivors (6144K)
 Metaspace       used 64848K, committed 65536K, reserved 1114112K
  class space    used 9035K, committed 9344K, reserved 1048576K
}
Event: 8.812 GC heap before
{Heap before GC invocations=21 (full 0):
 garbage-first heap   total 83968K, used 67927K [0x0000000702000000, 0x0000000800000000)
  region size 2048K, 23 young (47104K), 3 survivors (6144K)
 Metaspace       used 67055K, committed 67776K, reserved 1114112K
  class space    used 9320K, committed 9664K, reserved 1048576K
}
Event: 8.814 GC heap after
{Heap after GC invocations=22 (full 0):
 garbage-first heap   total 83968K, used 30243K [0x0000000702000000, 0x0000000800000000)
  region size 2048K, 2 young (4096K), 2 survivors (4096K)
 Metaspace       used 67055K, committed 67776K, reserved 1114112K
  class space    used 9320K, committed 9664K, reserved 1048576K
}
Event: 8.944 GC heap before
{Heap before GC invocations=22 (full 0):
 garbage-first heap   total 83968K, used 71203K [0x0000000702000000, 0x0000000800000000)
  region size 2048K, 22 young (45056K), 2 survivors (4096K)
 Metaspace       used 67581K, committed 68288K, reserved 1114112K
  class space    used 9378K, committed 9728K, reserved 1048576K
}
Event: 8.946 GC heap after
{Heap after GC invocations=23 (full 0):
 garbage-first heap   total 83968K, used 31141K [0x0000000702000000, 0x0000000800000000)
  region size 2048K, 2 young (4096K), 2 survivors (4096K)
 Metaspace       used 67581K, committed 68288K, reserved 1114112K
  class space    used 9378K, committed 9728K, reserved 1048576K
}
Event: 9.176 GC heap before
{Heap before GC invocations=24 (full 0):
 garbage-first heap   total 83968K, used 72101K [0x0000000702000000, 0x0000000800000000)
  region size 2048K, 22 young (45056K), 2 survivors (4096K)
 Metaspace       used 69297K, committed 70016K, reserved 1114112K
  class space    used 9674K, committed 10048K, reserved 1048576K
}
Event: 9.179 GC heap after
{Heap after GC invocations=25 (full 0):
 garbage-first heap   total 102400K, used 33726K [0x0000000702000000, 0x0000000800000000)
  region size 2048K, 3 young (6144K), 3 survivors (6144K)
 Metaspace       used 69297K, committed 70016K, reserved 1114112K
  class space    used 9674K, committed 10048K, reserved 1048576K
}

